Release 14.7 - xst P.20131013 (nt64)
Copyright (c) 1995-2013 Xilinx, Inc.  All rights reserved.
--> Parameter TMPDIR set to xst/projnav.tmp


Total REAL time to Xst completion: 0.00 secs
Total CPU time to Xst completion: 0.16 secs
 
--> Parameter xsthdpdir set to xst


Total REAL time to Xst completion: 0.00 secs
Total CPU time to Xst completion: 0.16 secs
 
--> Reading design: MIPS.prj

TABLE OF CONTENTS
  1) Synthesis Options Summary
  2) HDL Parsing
  3) HDL Elaboration
  4) HDL Synthesis
       4.1) HDL Synthesis Report
  5) Advanced HDL Synthesis
       5.1) Advanced HDL Synthesis Report
  6) Low Level Synthesis
  7) Partition Report
  8) Design Summary
       8.1) Primitive and Black Box Usage
       8.2) Device utilization summary
       8.3) Partition Resource Summary
       8.4) Timing Report
            8.4.1) Clock Information
            8.4.2) Asynchronous Control Signals Information
            8.4.3) Timing Summary
            8.4.4) Timing Details
            8.4.5) Cross Clock Domains Report


=========================================================================
*                      Synthesis Options Summary                        *
=========================================================================
---- Source Parameters
Input File Name                    : "MIPS.prj"
Ignore Synthesis Constraint File   : NO

---- Target Parameters
Output File Name                   : "MIPS"
Output Format                      : NGC
Target Device                      : xc6slx4-3-tqg144

---- Source Options
Top Module Name                    : MIPS
Automatic FSM Extraction           : YES
FSM Encoding Algorithm             : Auto
Safe Implementation                : No
FSM Style                          : LUT
RAM Extraction                     : Yes
RAM Style                          : Auto
ROM Extraction                     : Yes
Shift Register Extraction          : YES
ROM Style                          : Auto
Resource Sharing                   : YES
Asynchronous To Synchronous        : NO
Shift Register Minimum Size        : 2
Use DSP Block                      : Auto
Automatic Register Balancing       : No

---- Target Options
LUT Combining                      : Auto
Reduce Control Sets                : Auto
Add IO Buffers                     : YES
Global Maximum Fanout              : 100000
Add Generic Clock Buffer(BUFG)     : 16
Register Duplication               : YES
Optimize Instantiated Primitives   : NO
Use Clock Enable                   : Auto
Use Synchronous Set                : Auto
Use Synchronous Reset              : Auto
Pack IO Registers into IOBs        : Auto
Equivalent register Removal        : YES

---- General Options
Optimization Goal                  : Speed
Optimization Effort                : 1
Power Reduction                    : NO
Keep Hierarchy                     : No
Netlist Hierarchy                  : As_Optimized
RTL Output                         : Yes
Global Optimization                : AllClockNets
Read Cores                         : YES
Write Timing Constraints           : NO
Cross Clock Analysis               : NO
Hierarchy Separator                : /
Bus Delimiter                      : <>
Case Specifier                     : Maintain
Slice Utilization Ratio            : 100
BRAM Utilization Ratio             : 100
DSP48 Utilization Ratio            : 100
Auto BRAM Packing                  : NO
Slice Utilization Ratio Delta      : 5

=========================================================================


=========================================================================
*                          HDL Parsing                                  *
=========================================================================
Analyzing Verilog file "C:\Users\Roham\Desktop\CA_proj\Pipeline_mips\SL2.v" into library work
Parsing module <SL2>.
Analyzing Verilog file "C:\Users\Roham\Desktop\CA_proj\Pipeline_mips\signextend.v" into library work
Parsing module <signextend>.
Analyzing Verilog file "C:\Users\Roham\Desktop\CA_proj\Pipeline_mips\Reg_M.v" into library work
Parsing module <Reg_M>.
Analyzing Verilog file "C:\Users\Roham\Desktop\CA_proj\Pipeline_mips\Reg_IF.v" into library work
Parsing module <Reg_IF>.
Analyzing Verilog file "C:\Users\Roham\Desktop\CA_proj\Pipeline_mips\Reg_ID.v" into library work
Parsing module <Reg_ID>.
Analyzing Verilog file "C:\Users\Roham\Desktop\CA_proj\Pipeline_mips\Reg_EX.v" into library work
Parsing module <Reg_EX>.
Analyzing Verilog file "C:\Users\Roham\Desktop\CA_proj\Pipeline_mips\regfile.v" into library work
Parsing module <regfile>.
Analyzing Verilog file "C:\Users\Roham\Desktop\CA_proj\Pipeline_mips\Program_counter.v" into library work
Parsing module <Program_counter>.
Analyzing Verilog file "C:\Users\Roham\Desktop\CA_proj\Pipeline_mips\Mux3to1.v" into library work
Parsing module <Mux3to1>.
Analyzing Verilog file "C:\Users\Roham\Desktop\CA_proj\Pipeline_mips\Mux2to1.v" into library work
Parsing module <Mux2to1>.
Analyzing Verilog file "C:\Users\Roham\Desktop\CA_proj\Pipeline_mips\Ins_mem.v" into library work
Parsing module <Ins_mem>.
Analyzing Verilog file "C:\Users\Roham\Desktop\CA_proj\Pipeline_mips\Hazard_Unit.v" into library work
Parsing module <Hazard_Unit>.
Analyzing Verilog file "C:\Users\Roham\Desktop\CA_proj\Pipeline_mips\Data_mem.v" into library work
Parsing module <Data_mem>.
Analyzing Verilog file "C:\Users\Roham\Desktop\CA_proj\Pipeline_mips\Control.v" into library work
Parsing module <Control>.
Analyzing Verilog file "C:\Users\Roham\Desktop\CA_proj\Pipeline_mips\ALU_control.v" into library work
Parsing module <ALU_control>.
Analyzing Verilog file "C:\Users\Roham\Desktop\CA_proj\Pipeline_mips\ALU.v" into library work
Parsing module <ALU>.
Analyzing Verilog file "C:\Users\Roham\Desktop\CA_proj\Pipeline_mips\Adder.v" into library work
Parsing module <Adder>.
Analyzing Verilog file "C:\Users\Roham\Desktop\CA_proj\Pipeline_mips\MIPS.v" into library work
Parsing module <MIPS>.

=========================================================================
*                            HDL Elaboration                            *
=========================================================================

Elaborating module <MIPS>.

Elaborating module <Mux2to1(WIDTH=32)>.

Elaborating module <Program_counter>.

Elaborating module <Ins_mem>.

Elaborating module <Adder>.

Elaborating module <Reg_IF>.

Elaborating module <regfile>.
WARNING:HDLCompiler:189 - "C:\Users\Roham\Desktop\CA_proj\Pipeline_mips\MIPS.v" Line 29: Size mismatch in connection of port <a>. Formal port size is 32-bit while actual signal size is 1-bit.
WARNING:HDLCompiler:189 - "C:\Users\Roham\Desktop\CA_proj\Pipeline_mips\MIPS.v" Line 30: Size mismatch in connection of port <a>. Formal port size is 32-bit while actual signal size is 1-bit.
WARNING:HDLCompiler:413 - "C:\Users\Roham\Desktop\CA_proj\Pipeline_mips\MIPS.v" Line 33: Result of 32-bit expression is truncated to fit in 1-bit target.
WARNING:HDLCompiler:413 - "C:\Users\Roham\Desktop\CA_proj\Pipeline_mips\MIPS.v" Line 34: Result of 32-bit expression is truncated to fit in 1-bit target.

Elaborating module <Control>.
WARNING:HDLCompiler:413 - "C:\Users\Roham\Desktop\CA_proj\Pipeline_mips\Control.v" Line 8: Result of 32-bit expression is truncated to fit in 1-bit target.
WARNING:HDLCompiler:413 - "C:\Users\Roham\Desktop\CA_proj\Pipeline_mips\Control.v" Line 11: Result of 32-bit expression is truncated to fit in 1-bit target.
WARNING:HDLCompiler:413 - "C:\Users\Roham\Desktop\CA_proj\Pipeline_mips\Control.v" Line 12: Result of 32-bit expression is truncated to fit in 1-bit target.
WARNING:HDLCompiler:413 - "C:\Users\Roham\Desktop\CA_proj\Pipeline_mips\Control.v" Line 13: Result of 32-bit expression is truncated to fit in 1-bit target.
WARNING:HDLCompiler:413 - "C:\Users\Roham\Desktop\CA_proj\Pipeline_mips\Control.v" Line 16: Result of 32-bit expression is truncated to fit in 1-bit target.
WARNING:HDLCompiler:413 - "C:\Users\Roham\Desktop\CA_proj\Pipeline_mips\Control.v" Line 17: Result of 32-bit expression is truncated to fit in 1-bit target.
WARNING:HDLCompiler:413 - "C:\Users\Roham\Desktop\CA_proj\Pipeline_mips\Control.v" Line 18: Result of 32-bit expression is truncated to fit in 1-bit target.
WARNING:HDLCompiler:413 - "C:\Users\Roham\Desktop\CA_proj\Pipeline_mips\Control.v" Line 19: Result of 32-bit expression is truncated to fit in 1-bit target.

Elaborating module <ALU_control>.

Elaborating module <signextend>.

Elaborating module <SL2>.

Elaborating module <Reg_ID>.
WARNING:HDLCompiler:189 - "C:\Users\Roham\Desktop\CA_proj\Pipeline_mips\MIPS.v" Line 58: Size mismatch in connection of port <aluconD>. Formal port size is 1-bit while actual signal size is 3-bit.
WARNING:HDLCompiler:189 - "C:\Users\Roham\Desktop\CA_proj\Pipeline_mips\MIPS.v" Line 59: Size mismatch in connection of port <aluconE>. Formal port size is 1-bit while actual signal size is 3-bit.
WARNING:HDLCompiler:189 - "C:\Users\Roham\Desktop\CA_proj\Pipeline_mips\MIPS.v" Line 60: Size mismatch in connection of port <r1E>. Formal port size is 32-bit while actual signal size is 5-bit.

Elaborating module <Mux2to1(WIDTH=5)>.

Elaborating module <Mux3to1(WIDTH=32)>.
WARNING:HDLCompiler:189 - "C:\Users\Roham\Desktop\CA_proj\Pipeline_mips\MIPS.v" Line 68: Size mismatch in connection of port <a>. Formal port size is 32-bit while actual signal size is 5-bit.
WARNING:HDLCompiler:189 - "C:\Users\Roham\Desktop\CA_proj\Pipeline_mips\MIPS.v" Line 73: Size mismatch in connection of port <a>. Formal port size is 32-bit while actual signal size is 5-bit.

Elaborating module <ALU>.
WARNING:HDLCompiler:91 - "C:\Users\Roham\Desktop\CA_proj\Pipeline_mips\ALU.v" Line 8: Signal <control> missing in the sensitivity list is added for synthesis purposes. HDL and post-synthesis simulations may differ as a result.
WARNING:HDLCompiler:91 - "C:\Users\Roham\Desktop\CA_proj\Pipeline_mips\ALU.v" Line 10: Signal <control> missing in the sensitivity list is added for synthesis purposes. HDL and post-synthesis simulations may differ as a result.
WARNING:HDLCompiler:91 - "C:\Users\Roham\Desktop\CA_proj\Pipeline_mips\ALU.v" Line 12: Signal <control> missing in the sensitivity list is added for synthesis purposes. HDL and post-synthesis simulations may differ as a result.
WARNING:HDLCompiler:91 - "C:\Users\Roham\Desktop\CA_proj\Pipeline_mips\ALU.v" Line 14: Signal <control> missing in the sensitivity list is added for synthesis purposes. HDL and post-synthesis simulations may differ as a result.
WARNING:HDLCompiler:91 - "C:\Users\Roham\Desktop\CA_proj\Pipeline_mips\ALU.v" Line 16: Signal <control> missing in the sensitivity list is added for synthesis purposes. HDL and post-synthesis simulations may differ as a result.

Elaborating module <Reg_EX>.

Elaborating module <Data_mem>.

Elaborating module <Reg_M>.

Elaborating module <Hazard_Unit>.
WARNING:HDLCompiler:91 - "C:\Users\Roham\Desktop\CA_proj\Pipeline_mips\Hazard_Unit.v" Line 11: Signal <i> missing in the sensitivity list is added for synthesis purposes. HDL and post-synthesis simulations may differ as a result.
WARNING:HDLCompiler:413 - "C:\Users\Roham\Desktop\CA_proj\Pipeline_mips\Hazard_Unit.v" Line 23: Result of 32-bit expression is truncated to fit in 1-bit target.
WARNING:HDLCompiler:413 - "C:\Users\Roham\Desktop\CA_proj\Pipeline_mips\Hazard_Unit.v" Line 25: Result of 32-bit expression is truncated to fit in 2-bit target.
WARNING:HDLCompiler:413 - "C:\Users\Roham\Desktop\CA_proj\Pipeline_mips\Hazard_Unit.v" Line 27: Result of 32-bit expression is truncated to fit in 2-bit target.
WARNING:HDLCompiler:413 - "C:\Users\Roham\Desktop\CA_proj\Pipeline_mips\Hazard_Unit.v" Line 30: Result of 32-bit expression is truncated to fit in 1-bit target.
WARNING:HDLCompiler:413 - "C:\Users\Roham\Desktop\CA_proj\Pipeline_mips\Hazard_Unit.v" Line 32: Result of 32-bit expression is truncated to fit in 1-bit target.
WARNING:HDLCompiler:413 - "C:\Users\Roham\Desktop\CA_proj\Pipeline_mips\Hazard_Unit.v" Line 34: Result of 32-bit expression is truncated to fit in 1-bit target.
WARNING:HDLCompiler:413 - "C:\Users\Roham\Desktop\CA_proj\Pipeline_mips\Hazard_Unit.v" Line 35: Result of 32-bit expression is truncated to fit in 1-bit target.
WARNING:HDLCompiler:413 - "C:\Users\Roham\Desktop\CA_proj\Pipeline_mips\Hazard_Unit.v" Line 36: Result of 32-bit expression is truncated to fit in 1-bit target.
WARNING:HDLCompiler:1127 - "C:\Users\Roham\Desktop\CA_proj\Pipeline_mips\MIPS.v" Line 105: Assignment to forwardAD ignored, since the identifier is never used
WARNING:HDLCompiler:189 - "C:\Users\Roham\Desktop\CA_proj\Pipeline_mips\MIPS.v" Line 105: Size mismatch in connection of port <forwardAE>. Formal port size is 2-bit while actual signal size is 1-bit.
WARNING:HDLCompiler:634 - "C:\Users\Roham\Desktop\CA_proj\Pipeline_mips\MIPS.v" Line 28: Net <ForwardAD> does not have a driver.
WARNING:HDLCompiler:634 - "C:\Users\Roham\Desktop\CA_proj\Pipeline_mips\MIPS.v" Line 66: Net <ForwardAE[1]> does not have a driver.
WARNING:HDLCompiler:634 - "C:\Users\Roham\Desktop\CA_proj\Pipeline_mips\MIPS.v" Line 71: Net <ForwardBE[1]> does not have a driver.
WARNING:HDLCompiler:634 - "C:\Users\Roham\Desktop\CA_proj\Pipeline_mips\MIPS.v" Line 29: Net <rd1> does not have a driver.
WARNING:HDLCompiler:634 - "C:\Users\Roham\Desktop\CA_proj\Pipeline_mips\MIPS.v" Line 30: Net <rd2> does not have a driver.
WARNING:Xst:2972 - "C:\Users\Roham\Desktop\CA_proj\Pipeline_mips\MIPS.v" line 8. All outputs of instance <mux_pc> of block <Mux2to1> are unconnected in block <MIPS>. Underlying logic will be removed.
WARNING:Xst:2972 - "C:\Users\Roham\Desktop\CA_proj\Pipeline_mips\MIPS.v" line 11. All outputs of instance <pc> of block <Program_counter> are unconnected in block <MIPS>. Underlying logic will be removed.
WARNING:Xst:2972 - "C:\Users\Roham\Desktop\CA_proj\Pipeline_mips\MIPS.v" line 14. All outputs of instance <instruction_memory> of block <Ins_mem> are unconnected in block <MIPS>. Underlying logic will be removed.
WARNING:Xst:2972 - "C:\Users\Roham\Desktop\CA_proj\Pipeline_mips\MIPS.v" line 16. All outputs of instance <addpc> of block <Adder> are unconnected in block <MIPS>. Underlying logic will be removed.
WARNING:Xst:2972 - "C:\Users\Roham\Desktop\CA_proj\Pipeline_mips\MIPS.v" line 20. All outputs of instance <reg_if_id> of block <Reg_IF> are unconnected in block <MIPS>. Underlying logic will be removed.
WARNING:Xst:2972 - "C:\Users\Roham\Desktop\CA_proj\Pipeline_mips\MIPS.v" line 25. All outputs of instance <register_file> of block <regfile> are unconnected in block <MIPS>. Underlying logic will be removed.
WARNING:Xst:2972 - "C:\Users\Roham\Desktop\CA_proj\Pipeline_mips\MIPS.v" line 29. All outputs of instance <mux_forwardAD> of block <Mux2to1> are unconnected in block <MIPS>. Underlying logic will be removed.
WARNING:Xst:2972 - "C:\Users\Roham\Desktop\CA_proj\Pipeline_mips\MIPS.v" line 30. All outputs of instance <mux_forwardBD> of block <Mux2to1> are unconnected in block <MIPS>. Underlying logic will be removed.
WARNING:Xst:2972 - "C:\Users\Roham\Desktop\CA_proj\Pipeline_mips\MIPS.v" line 38. All outputs of instance <control_unit> of block <Control> are unconnected in block <MIPS>. Underlying logic will be removed.
WARNING:Xst:2972 - "C:\Users\Roham\Desktop\CA_proj\Pipeline_mips\MIPS.v" line 41. All outputs of instance <alucontrol> of block <ALU_control> are unconnected in block <MIPS>. Underlying logic will be removed.
WARNING:Xst:2972 - "C:\Users\Roham\Desktop\CA_proj\Pipeline_mips\MIPS.v" line 44. All outputs of instance <se> of block <signextend> are unconnected in block <MIPS>. Underlying logic will be removed.
WARNING:Xst:2972 - "C:\Users\Roham\Desktop\CA_proj\Pipeline_mips\MIPS.v" line 47. All outputs of instance <shiftlefttwo> of block <SL2> are unconnected in block <MIPS>. Underlying logic will be removed.
WARNING:Xst:2972 - "C:\Users\Roham\Desktop\CA_proj\Pipeline_mips\MIPS.v" line 49. All outputs of instance <add_branch> of block <Adder> are unconnected in block <MIPS>. Underlying logic will be removed.
WARNING:Xst:2972 - "C:\Users\Roham\Desktop\CA_proj\Pipeline_mips\MIPS.v" line 58. All outputs of instance <register_id_ex> of block <Reg_ID> are unconnected in block <MIPS>. Underlying logic will be removed.
WARNING:Xst:2972 - "C:\Users\Roham\Desktop\CA_proj\Pipeline_mips\MIPS.v" line 63. All outputs of instance <mux_regdst> of block <Mux2to1> are unconnected in block <MIPS>. Underlying logic will be removed.
WARNING:Xst:2972 - "C:\Users\Roham\Desktop\CA_proj\Pipeline_mips\MIPS.v" line 68. All outputs of instance <mux_forwardAE> of block <Mux3to1> are unconnected in block <MIPS>. Underlying logic will be removed.
WARNING:Xst:2972 - "C:\Users\Roham\Desktop\CA_proj\Pipeline_mips\MIPS.v" line 73. All outputs of instance <mux_forwardBE> of block <Mux3to1> are unconnected in block <MIPS>. Underlying logic will be removed.
WARNING:Xst:2972 - "C:\Users\Roham\Desktop\CA_proj\Pipeline_mips\MIPS.v" line 76. All outputs of instance <mux_alusrc> of block <Mux2to1> are unconnected in block <MIPS>. Underlying logic will be removed.
WARNING:Xst:2972 - "C:\Users\Roham\Desktop\CA_proj\Pipeline_mips\MIPS.v" line 79. All outputs of instance <alu> of block <ALU> are unconnected in block <MIPS>. Underlying logic will be removed.
WARNING:Xst:2972 - "C:\Users\Roham\Desktop\CA_proj\Pipeline_mips\MIPS.v" line 84. All outputs of instance <register_ex_mem> of block <Reg_EX> are unconnected in block <MIPS>. Underlying logic will be removed.
WARNING:Xst:2972 - "C:\Users\Roham\Desktop\CA_proj\Pipeline_mips\MIPS.v" line 89. All outputs of instance <mux_memory> of block <Mux2to1> are unconnected in block <MIPS>. Underlying logic will be removed.
WARNING:Xst:2972 - "C:\Users\Roham\Desktop\CA_proj\Pipeline_mips\MIPS.v" line 93. All outputs of instance <data_memory> of block <Data_mem> are unconnected in block <MIPS>. Underlying logic will be removed.
WARNING:Xst:2972 - "C:\Users\Roham\Desktop\CA_proj\Pipeline_mips\MIPS.v" line 98. All outputs of instance <register_mem_wb> of block <Reg_M> are unconnected in block <MIPS>. Underlying logic will be removed.
WARNING:Xst:2972 - "C:\Users\Roham\Desktop\CA_proj\Pipeline_mips\MIPS.v" line 101. All outputs of instance <muxWB> of block <Mux2to1> are unconnected in block <MIPS>. Underlying logic will be removed.
WARNING:Xst:2972 - "C:\Users\Roham\Desktop\CA_proj\Pipeline_mips\MIPS.v" line 103. All outputs of instance <hazard_unit> of block <Hazard_Unit> are unconnected in block <MIPS>. Underlying logic will be removed.

=========================================================================
*                           HDL Synthesis                               *
=========================================================================

Synthesizing Unit <MIPS>.
    Related source file is "C:\Users\Roham\Desktop\CA_proj\Pipeline_mips\MIPS.v".
INFO:Xst:3210 - "C:\Users\Roham\Desktop\CA_proj\Pipeline_mips\MIPS.v" line 103: Output port <forwardAE> of the instance <hazard_unit> is unconnected or connected to loadless signal.
INFO:Xst:3210 - "C:\Users\Roham\Desktop\CA_proj\Pipeline_mips\MIPS.v" line 103: Output port <forwardBE> of the instance <hazard_unit> is unconnected or connected to loadless signal.
INFO:Xst:3210 - "C:\Users\Roham\Desktop\CA_proj\Pipeline_mips\MIPS.v" line 103: Output port <forwardAD> of the instance <hazard_unit> is unconnected or connected to loadless signal.
INFO:Xst:3210 - "C:\Users\Roham\Desktop\CA_proj\Pipeline_mips\MIPS.v" line 103: Output port <forwardBD> of the instance <hazard_unit> is unconnected or connected to loadless signal.
WARNING:Xst:653 - Signal <ForwardAE> is used but never assigned. This sourceless signal will be automatically connected to value GND.
WARNING:Xst:653 - Signal <ForwardBE> is used but never assigned. This sourceless signal will be automatically connected to value GND.
WARNING:Xst:653 - Signal <ForwardAD> is used but never assigned. This sourceless signal will be automatically connected to value GND.
WARNING:Xst:653 - Signal <rd1> is used but never assigned. This sourceless signal will be automatically connected to value GND.
WARNING:Xst:653 - Signal <rd2> is used but never assigned. This sourceless signal will be automatically connected to value GND.
WARNING:Xst:653 - Signal <ForwardBD> is used but never assigned. This sourceless signal will be automatically connected to value GND.
    Summary:
	no macro.
Unit <MIPS> synthesized.

=========================================================================
HDL Synthesis Report

Found no macro
=========================================================================

=========================================================================
*                       Advanced HDL Synthesis                          *
=========================================================================


=========================================================================
Advanced HDL Synthesis Report

Found no macro
=========================================================================

=========================================================================
*                         Low Level Synthesis                           *
=========================================================================

Optimizing unit <MIPS> ...

Mapping all equations...
Building and optimizing final netlist ...
Found area constraint ratio of 100 (+ 5) on block MIPS, actual ratio is 0.

Final Macro Processing ...

=========================================================================
Final Register Report

Found no macro
=========================================================================

=========================================================================
*                           Partition Report                            *
=========================================================================

Partition Implementation Status
-------------------------------

  No Partitions were found in this design.

-------------------------------

=========================================================================
*                            Design Summary                             *
=========================================================================

Top Level Output File Name         : MIPS.ngc

Primitive and Black Box Usage:
------------------------------

Device utilization summary:
---------------------------

Selected Device : 6slx4tqg144-3 


Slice Logic Utilization: 

Slice Logic Distribution: 
 Number of LUT Flip Flop pairs used:      0
   Number with an unused Flip Flop:       0  out of      0         
   Number with an unused LUT:             0  out of      0         
   Number of fully used LUT-FF pairs:     0  out of      0         
   Number of unique control sets:         0

IO Utilization: 
 Number of IOs:                           1
 Number of bonded IOBs:                   0  out of    102     0%  

Specific Feature Utilization:

---------------------------
Partition Resource Summary:
---------------------------

  No Partitions were found in this design.

---------------------------


=========================================================================
Timing Report

NOTE: THESE TIMING NUMBERS ARE ONLY A SYNTHESIS ESTIMATE.
      FOR ACCURATE TIMING INFORMATION PLEASE REFER TO THE TRACE REPORT
      GENERATED AFTER PLACE-and-ROUTE.

Clock Information:
------------------
No clock signals found in this design

Asynchronous Control Signals Information:
----------------------------------------
No asynchronous control signals found in this design

Timing Summary:
---------------
Speed Grade: -3

   Minimum period: No path found
   Minimum input arrival time before clock: No path found
   Maximum output required time after clock: No path found
   Maximum combinational path delay: No path found

Timing Details:
---------------
All values displayed in nanoseconds (ns)

=========================================================================

Cross Clock Domains Report:
--------------------------

=========================================================================


Total REAL time to Xst completion: 7.00 secs
Total CPU time to Xst completion: 7.43 secs
 
--> 

Total memory usage is 4510312 kilobytes

Number of errors   :    0 (   0 filtered)
Number of warnings :   69 (   0 filtered)
Number of infos    :    4 (   0 filtered)

